<?xml version="1.0" encoding="UTF-8"?>
<!-- Generated by org.testng.reporters.JUnitXMLReporter -->
<testsuite ignored="0" hostname="DESKTOP-95QHTH0" failures="0" tests="3" name="Test" time="6.856" errors="0" timestamp="2023-06-15T10:10:39 IST">
  <testcase classname="com.qa.testscripts.Scenario2" name="pop_up_Verification" time="0.728"/>
  <testcase classname="com.qa.testscripts.Scenario2" name="flipkartLogo" time="0.31"/>
  <testcase classname="com.qa.testscripts.Scenario2" name="searchItem" time="5.732"/>
</testsuite> <!-- Test -->
