<?xml version="1.0" encoding="UTF-8"?>
<testng-results ignored="0" total="2" passed="2" failed="0" skipped="0">
  <reporter-output>
  </reporter-output>
  <suite started-at="2023-06-15T10:07:27 IST" name="Suite" finished-at="2023-06-15T10:07:35 IST" duration-ms="7985">
    <groups>
    </groups>
    <test started-at="2023-06-15T10:07:27 IST" name="Test" finished-at="2023-06-15T10:07:35 IST" duration-ms="7985">
      <class name="testScript.Scenario1">
        <test-method is-config="true" signature="setUp(java.lang.String)[pri:0, instance:testScript.Scenario1@3b6ddd1d]" started-at="2023-06-15T10:07:21 IST" name="setUp" finished-at="2023-06-15T10:07:27 IST" duration-ms="5868" status="PASS">
          <params>
            <param index="0">
              <value>
                <![CDATA[https://automationpanda.com/2021/12/29/want-to-practice-test-automation-try-these-demo-sites/]]>
              </value>
            </param>
          </params>
          <reporter-output>
          </reporter-output>
        </test-method> <!-- setUp -->
        <test-method signature="pageTitle()[pri:0, instance:testScript.Scenario1@3b6ddd1d]" started-at="2023-06-15T10:07:27 IST" name="pageTitle" finished-at="2023-06-15T10:07:27 IST" duration-ms="44" status="PASS">
          <reporter-output>
          </reporter-output>
        </test-method> <!-- pageTitle -->
        <test-method signature="contactPage()[pri:1, instance:testScript.Scenario1@3b6ddd1d]" started-at="2023-06-15T10:07:27 IST" name="contactPage" finished-at="2023-06-15T10:07:35 IST" depends-on-methods="testScript.Scenario1.pageTitle" duration-ms="7869" status="PASS">
          <reporter-output>
          </reporter-output>
        </test-method> <!-- contactPage -->
        <test-method is-config="true" signature="tearDown()[pri:0, instance:testScript.Scenario1@3b6ddd1d]" started-at="2023-06-15T10:07:35 IST" name="tearDown" finished-at="2023-06-15T10:07:35 IST" duration-ms="254" status="PASS">
          <reporter-output>
          </reporter-output>
        </test-method> <!-- tearDown -->
      </class> <!-- testScript.Scenario1 -->
    </test> <!-- Test -->
  </suite> <!-- Suite -->
</testng-results>
